
*** Running vivado
    with args -log Decoder_3_to_8.vds -m64 -product Vivado -mode batch -messageDb vivado.pb -notrace -source Decoder_3_to_8.tcl


****** Vivado v2018.1 (64-bit)
  **** SW Build 2188600 on Wed Apr  4 18:40:38 MDT 2018
  **** IP Build 2185939 on Wed Apr  4 20:55:05 MDT 2018
    ** Copyright 1986-2018 Xilinx, Inc. All Rights Reserved.

source Decoder_3_to_8.tcl -notrace
Command: synth_design -top Decoder_3_to_8 -part xc7a35tcpg236-1
Starting synth_design
Attempting to get a license for feature 'Synthesis' and/or device 'xc7a35t'
INFO: [Common 17-349] Got license for feature 'Synthesis' and/or device 'xc7a35t'
INFO: Launching helper process for spawning children vivado processes
INFO: Helper process launched with PID 27032 
---------------------------------------------------------------------------------
Starting Synthesize : Time (s): cpu = 00:00:04 ; elapsed = 00:00:05 . Memory (MB): peak = 435.320 ; gain = 95.367
---------------------------------------------------------------------------------
INFO: [Synth 8-638] synthesizing module 'Decoder_3_to_8' [C:/Users/DELL/Documents/nanoprocessor/component/Decorder_3_to_8/Decorder_3_to_8.srcs/sources_1/imports/new/Decoder_3_to_8.vhd:40]
INFO: [Synth 8-3491] module 'Decoder_2_to_4' declared at 'C:/Users/DELL/Documents/nanoprocessor/component/Decorder_3_to_8/Decorder_3_to_8.srcs/sources_1/imports/new/Decoder_2_to_4.vhd:34' bound to instance 'Decoder_2_to_4_0' of component 'Decoder_2_to_4' [C:/Users/DELL/Documents/nanoprocessor/component/Decorder_3_to_8/Decorder_3_to_8.srcs/sources_1/imports/new/Decoder_3_to_8.vhd:52]
INFO: [Synth 8-638] synthesizing module 'Decoder_2_to_4' [C:/Users/DELL/Documents/nanoprocessor/component/Decorder_3_to_8/Decorder_3_to_8.srcs/sources_1/imports/new/Decoder_2_to_4.vhd:40]
INFO: [Synth 8-256] done synthesizing module 'Decoder_2_to_4' (1#1) [C:/Users/DELL/Documents/nanoprocessor/component/Decorder_3_to_8/Decorder_3_to_8.srcs/sources_1/imports/new/Decoder_2_to_4.vhd:40]
INFO: [Synth 8-3491] module 'Decoder_2_to_4' declared at 'C:/Users/DELL/Documents/nanoprocessor/component/Decorder_3_to_8/Decorder_3_to_8.srcs/sources_1/imports/new/Decoder_2_to_4.vhd:34' bound to instance 'Decoder_2_to_4_1' of component 'Decoder_2_to_4' [C:/Users/DELL/Documents/nanoprocessor/component/Decorder_3_to_8/Decorder_3_to_8.srcs/sources_1/imports/new/Decoder_3_to_8.vhd:57]
INFO: [Synth 8-256] done synthesizing module 'Decoder_3_to_8' (2#1) [C:/Users/DELL/Documents/nanoprocessor/component/Decorder_3_to_8/Decorder_3_to_8.srcs/sources_1/imports/new/Decoder_3_to_8.vhd:40]
---------------------------------------------------------------------------------
Finished Synthesize : Time (s): cpu = 00:00:05 ; elapsed = 00:00:06 . Memory (MB): peak = 490.398 ; gain = 150.445
---------------------------------------------------------------------------------
---------------------------------------------------------------------------------
Finished Constraint Validation : Time (s): cpu = 00:00:05 ; elapsed = 00:00:06 . Memory (MB): peak = 490.398 ; gain = 150.445
---------------------------------------------------------------------------------
---------------------------------------------------------------------------------
Start Loading Part and Timing Information
---------------------------------------------------------------------------------
Loading part: xc7a35tcpg236-1
---------------------------------------------------------------------------------
Finished Loading Part and Timing Information : Time (s): cpu = 00:00:05 ; elapsed = 00:00:06 . Memory (MB): peak = 490.398 ; gain = 150.445
---------------------------------------------------------------------------------
INFO: [Device 21-403] Loading part xc7a35tcpg236-1
---------------------------------------------------------------------------------
Finished RTL Optimization Phase 2 : Time (s): cpu = 00:00:05 ; elapsed = 00:00:06 . Memory (MB): peak = 490.398 ; gain = 150.445
---------------------------------------------------------------------------------

Report RTL Partitions: 
+-+--------------+------------+----------+
| |RTL Partition |Replication |Instances |
+-+--------------+------------+----------+
+-+--------------+------------+----------+
No constraint files found.
---------------------------------------------------------------------------------
Start RTL Component Statistics 
---------------------------------------------------------------------------------
Detailed RTL Component Info : 
---------------------------------------------------------------------------------
Finished RTL Component Statistics 
---------------------------------------------------------------------------------
---------------------------------------------------------------------------------
Start RTL Hierarchical Component Statistics 
---------------------------------------------------------------------------------
Hierarchical RTL Component report 
---------------------------------------------------------------------------------
Finished RTL Hierarchical Component Statistics
---------------------------------------------------------------------------------
---------------------------------------------------------------------------------
Start Part Resource Summary
---------------------------------------------------------------------------------
Part Resources:
DSPs: 90 (col length:60)
BRAMs: 100 (col length: RAMB18 60 RAMB36 30)
---------------------------------------------------------------------------------
Finished Part Resource Summary
---------------------------------------------------------------------------------
No constraint files found.
---------------------------------------------------------------------------------
Start Cross Boundary and Area Optimization
---------------------------------------------------------------------------------
Warning: Parallel synthesis criteria is not met 
---------------------------------------------------------------------------------
Finished Cross Boundary and Area Optimization : Time (s): cpu = 00:00:08 ; elapsed = 00:00:10 . Memory (MB): peak = 619.027 ; gain = 279.074
---------------------------------------------------------------------------------

Report RTL Partitions: 
+-+--------------+------------+----------+
| |RTL Partition |Replication |Instances |
+-+--------------+------------+----------+
+-+--------------+------------+----------+
No constraint files found.
---------------------------------------------------------------------------------
Start Timing Optimization
---------------------------------------------------------------------------------
---------------------------------------------------------------------------------
Finished Timing Optimization : Time (s): cpu = 00:00:08 ; elapsed = 00:00:10 . Memory (MB): peak = 619.027 ; gain = 279.074
---------------------------------------------------------------------------------

Report RTL Partitions: 
+-+--------------+------------+----------+
| |RTL Partition |Replication |Instances |
+-+--------------+------------+----------+
+-+--------------+------------+----------+
---------------------------------------------------------------------------------
Start Technology Mapping
---------------------------------------------------------------------------------
---------------------------------------------------------------------------------
Finished Technology Mapping : Time (s): cpu = 00:00:08 ; elapsed = 00:00:10 . Memory (MB): peak = 619.027 ; gain = 279.074
---------------------------------------------------------------------------------

Report RTL Partitions: 
+-+--------------+------------+----------+
| |RTL Partition |Replication |Instances |
+-+--------------+------------+----------+
+-+--------------+------------+----------+
---------------------------------------------------------------------------------
Start IO Insertion
---------------------------------------------------------------------------------
---------------------------------------------------------------------------------
Start Flattening Before IO Insertion
---------------------------------------------------------------------------------
---------------------------------------------------------------------------------
Finished Flattening Before IO Insertion
---------------------------------------------------------------------------------
---------------------------------------------------------------------------------
Start Final Netlist Cleanup
---------------------------------------------------------------------------------
---------------------------------------------------------------------------------
Finished Final Netlist Cleanup
---------------------------------------------------------------------------------
---------------------------------------------------------------------------------
Finished IO Insertion : Time (s): cpu = 00:00:09 ; elapsed = 00:00:11 . Memory (MB): peak = 619.027 ; gain = 279.074
---------------------------------------------------------------------------------

Report Check Netlist: 
+------+------------------+-------+---------+-------+------------------+
|      |Item              |Errors |Warnings |Status |Description       |
+------+------------------+-------+---------+-------+------------------+
|1     |multi_driven_nets |      0|        0|Passed |Multi driven nets |
+------+------------------+-------+---------+-------+------------------+
---------------------------------------------------------------------------------
Start Renaming Generated Instances
---------------------------------------------------------------------------------
---------------------------------------------------------------------------------
Finished Renaming Generated Instances : Time (s): cpu = 00:00:09 ; elapsed = 00:00:11 . Memory (MB): peak = 619.027 ; gain = 279.074
---------------------------------------------------------------------------------

Report RTL Partitions: 
+-+--------------+------------+----------+
| |RTL Partition |Replication |Instances |
+-+--------------+------------+----------+
+-+--------------+------------+----------+
---------------------------------------------------------------------------------
Start Rebuilding User Hierarchy
---------------------------------------------------------------------------------
---------------------------------------------------------------------------------
Finished Rebuilding User Hierarchy : Time (s): cpu = 00:00:09 ; elapsed = 00:00:11 . Memory (MB): peak = 619.027 ; gain = 279.074
---------------------------------------------------------------------------------
---------------------------------------------------------------------------------
Start Renaming Generated Ports
---------------------------------------------------------------------------------
---------------------------------------------------------------------------------
Finished Renaming Generated Ports : Time (s): cpu = 00:00:09 ; elapsed = 00:00:11 . Memory (MB): peak = 619.027 ; gain = 279.074
---------------------------------------------------------------------------------
---------------------------------------------------------------------------------
Start Handling Custom Attributes
---------------------------------------------------------------------------------
---------------------------------------------------------------------------------
Finished Handling Custom Attributes : Time (s): cpu = 00:00:09 ; elapsed = 00:00:11 . Memory (MB): peak = 619.027 ; gain = 279.074
---------------------------------------------------------------------------------
---------------------------------------------------------------------------------
Start Renaming Generated Nets
---------------------------------------------------------------------------------
---------------------------------------------------------------------------------
Finished Renaming Generated Nets : Time (s): cpu = 00:00:09 ; elapsed = 00:00:11 . Memory (MB): peak = 619.027 ; gain = 279.074
---------------------------------------------------------------------------------
---------------------------------------------------------------------------------
Start Writing Synthesis Report
---------------------------------------------------------------------------------

Report BlackBoxes: 
+-+--------------+----------+
| |BlackBox name |Instances |
+-+--------------+----------+
+-+--------------+----------+

Report Cell Usage: 
+------+-----+------+
|      |Cell |Count |
+------+-----+------+
|1     |LUT4 |     8|
|2     |IBUF |     4|
|3     |OBUF |     8|
+------+-----+------+

Report Instance Areas: 
+------+-------------------+-----------------+------+
|      |Instance           |Module           |Cells |
+------+-------------------+-----------------+------+
|1     |top                |                 |    20|
|2     |  Decoder_2_to_4_0 |Decoder_2_to_4   |     4|
|3     |  Decoder_2_to_4_1 |Decoder_2_to_4_0 |     4|
+------+-------------------+-----------------+------+
---------------------------------------------------------------------------------
Finished Writing Synthesis Report : Time (s): cpu = 00:00:09 ; elapsed = 00:00:11 . Memory (MB): peak = 619.027 ; gain = 279.074
---------------------------------------------------------------------------------
Synthesis finished with 0 errors, 0 critical warnings and 0 warnings.
Synthesis Optimization Runtime : Time (s): cpu = 00:00:09 ; elapsed = 00:00:11 . Memory (MB): peak = 619.027 ; gain = 279.074
Synthesis Optimization Complete : Time (s): cpu = 00:00:09 ; elapsed = 00:00:11 . Memory (MB): peak = 619.027 ; gain = 279.074
INFO: [Project 1-571] Translating synthesized netlist
INFO: [Netlist 29-17] Analyzing 4 Unisim elements for replacement
INFO: [Netlist 29-28] Unisim Transformation completed in 0 CPU seconds
INFO: [Project 1-570] Preparing netlist for logic optimization
INFO: [Opt 31-138] Pushed 0 inverter(s) to 0 load pin(s).
INFO: [Project 1-111] Unisim Transformation Summary:
No Unisim elements were transformed.

INFO: [Common 17-83] Releasing license: Synthesis
15 Infos, 0 Warnings, 0 Critical Warnings and 0 Errors encountered.
synth_design completed successfully
synth_design: Time (s): cpu = 00:00:12 ; elapsed = 00:00:15 . Memory (MB): peak = 728.938 ; gain = 400.938
INFO: [Common 17-1381] The checkpoint 'C:/Users/DELL/Documents/nanoprocessor/component/Decorder_3_to_8/Decorder_3_to_8.runs/synth_1/Decoder_3_to_8.dcp' has been generated.
INFO: [runtcl-4] Executing : report_utilization -file Decoder_3_to_8_utilization_synth.rpt -pb Decoder_3_to_8_utilization_synth.pb
report_utilization: Time (s): cpu = 00:00:00 ; elapsed = 00:00:00.013 . Memory (MB): peak = 728.938 ; gain = 0.000
INFO: [Common 17-206] Exiting Vivado at Sun May  4 22:53:52 2025...
