#-----------------------------------------------------------
# Vivado v2018.1 (64-bit)
# SW Build 2188600 on Wed Apr  4 18:40:38 MDT 2018
# IP Build 2185939 on Wed Apr  4 20:55:05 MDT 2018
# Start of session at: Wed May 14 10:33:46 2025
# Process ID: 16652
# Current directory: C:/Users/DELL/Documents/nanoprocessor/component/Register
# Command line: vivado.exe -gui_launcher_event rodinguilauncherevent4348 C:\Users\DELL\Documents\nanoprocessor\component\Register\Register.xpr
# Log file: C:/Users/DELL/Documents/nanoprocessor/component/Register/vivado.log
# Journal file: C:/Users/DELL/Documents/nanoprocessor/component/Register\vivado.jou
#-----------------------------------------------------------
start_gui
open_project C:/Users/DELL/Documents/nanoprocessor/component/Register/Register.xpr
Scanning sources...
Finished scanning sources
INFO: [IP_Flow 19-234] Refreshing IP repositories
INFO: [IP_Flow 19-1704] No user IP repositories specified
INFO: [IP_Flow 19-2313] Loaded Vivado IP repository 'D:/Vivado/Vivado/2018.1/data/ip'.
open_project: Time (s): cpu = 00:00:25 ; elapsed = 00:00:22 . Memory (MB): peak = 871.465 ; gain = 163.988
update_compile_order -fileset sources_1
close_project
open_project {C:/Users/DELL/Documents/nanoprocessor/component/Register Bank/Register Bank.xpr}
Scanning sources...
Finished scanning sources
INFO: [IP_Flow 19-234] Refreshing IP repositories
INFO: [IP_Flow 19-1704] No user IP repositories specified
INFO: [IP_Flow 19-2313] Loaded Vivado IP repository 'D:/Vivado/Vivado/2018.1/data/ip'.
update_compile_order -fileset sources_1
exit
INFO: [Common 17-206] Exiting Vivado at Wed May 14 10:49:07 2025...
