#-----------------------------------------------------------
# Vivado v2018.1 (64-bit)
# SW Build 2188600 on Wed Apr  4 18:40:38 MDT 2018
# IP Build 2185939 on Wed Apr  4 20:55:05 MDT 2018
# Start of session at: Thu May 15 19:56:10 2025
# Process ID: 19904
# Current directory: C:/Users/DELL/Downloads/nano processor_final_1/nano processor
# Command line: vivado.exe -gui_launcher_event rodinguilauncherevent7044 C:\Users\DELL\Downloads\nano processor_final_1\nano processor\nano processor.xpr
# Log file: C:/Users/DELL/Downloads/nano processor_final_1/nano processor/vivado.log
# Journal file: C:/Users/DELL/Downloads/nano processor_final_1/nano processor\vivado.jou
#-----------------------------------------------------------
start_gui
open_project {C:/Users/DELL/Downloads/nano processor_final_1/nano processor/nano processor.xpr}
INFO: [Project 1-313] Project file moved from 'D:/Nano Processor My Files/nano processor' since last save.
Scanning sources...
Finished scanning sources
INFO: [IP_Flow 19-234] Refreshing IP repositories
INFO: [IP_Flow 19-1704] No user IP repositories specified
INFO: [IP_Flow 19-2313] Loaded Vivado IP repository 'D:/Vivado/Vivado/2018.1/data/ip'.
open_project: Time (s): cpu = 00:00:20 ; elapsed = 00:00:18 . Memory (MB): peak = 850.484 ; gain = 146.891
update_compile_order -fileset sources_1
update_files -from_files C:/Users/DELL/Desktop/D_FF/D_FF.srcs/sources_1/imports/component/D_FF.vhd -to_files {{C:/Users/DELL/Downloads/nano processor_final_1/nano processor/nano processor.srcs/sources_1/imports/component/D_FF.vhd}} -filesets [get_filesets *]
INFO: [filemgmt 20-762] Replacing file 'C:/Users/DELL/Downloads/nano processor_final_1/nano processor/nano processor.srcs/sources_1/imports/component/D_FF.vhd' with file 'C:/Users/DELL/Desktop/D_FF/D_FF.srcs/sources_1/imports/component/D_FF.vhd'.
INFO: [filemgmt 20-1080] Importing file from 'C:/Users/DELL/Desktop/D_FF/D_FF.srcs/sources_1/imports/component/D_FF.vhd' to 'C:/Users/DELL/Downloads/nano processor_final_1/nano processor/nano processor.srcs/sources_1/imports/component/D_FF.vhd'.
open_project {C:/Users/DELL/Documents/nanoprocessor/Basic Nanoprocessor/Basic Nanoprocessor/final.xpr}
CRITICAL WARNING: [Project 1-19] Could not find the file 'C:/Users/LENOVO/Lab_4/Lab_4.srcs/sources_1/new/Decoder_3_to_8.vhd'.
CRITICAL WARNING: [Project 1-19] Could not find the file 'C:/Users/DELL/Documents/nanoprocessor/Labs/src/FA.vhd'.
CRITICAL WARNING: [Project 1-19] Could not find the file 'C:/Users/DELL/Documents/nanoprocessor/Labs/src/HA.vhd'.
CRITICAL WARNING: [Project 1-19] Could not find the file 'C:/Users/DELL/Documents/nanoprocessor/Labs/Lab_8/Lab_8.srcs/sources_1/new/LUT_16_7.vhd'.
CRITICAL WARNING: [Project 1-19] Could not find the file 'C:/Users/DELL/Documents/nanoprocessor/Labs/Lab_7/Lab_7.srcs/sources_1/new/Reg.vhd'.
CRITICAL WARNING: [Project 1-19] Could not find the file 'C:/Users/DELL/Documents/nanoprocessor/Labs/Lab_6/Lab_6.srcs/sources_1/new/Slow_Clk.vhd'.
CRITICAL WARNING: [Project 1-19] Could not find the file 'C:/Users/LENOVO/Desktop/Basys3Labs.xdc'.
CRITICAL WARNING: [Project 1-19] Could not find the file 'C:/Users/DELL/Documents/nanoprocessor/Vivado Nano Processor/final_project/TB_MUX_8_way_4_bit_behav.wcfg'.
Scanning sources...
Finished scanning sources
INFO: [IP_Flow 19-234] Refreshing IP repositories
INFO: [IP_Flow 19-1704] No user IP repositories specified
INFO: [IP_Flow 19-2313] Loaded Vivado IP repository 'D:/Vivado/Vivado/2018.1/data/ip'.
update_compile_order -fileset sources_1
close_project
open_project {C:/Users/DELL/Documents/nanoprocessor/component/Nano Processor/Nano Processor.xpr}
Scanning sources...
Finished scanning sources
INFO: [IP_Flow 19-234] Refreshing IP repositories
INFO: [IP_Flow 19-1704] No user IP repositories specified
INFO: [IP_Flow 19-2313] Loaded Vivado IP repository 'D:/Vivado/Vivado/2018.1/data/ip'.
update_compile_order -fileset sources_1
close_project
exit
INFO: [Common 17-206] Exiting Vivado at Thu May 15 20:10:25 2025...
