#-----------------------------------------------------------
# Vivado v2018.1 (64-bit)
# SW Build 2188600 on Wed Apr  4 18:40:38 MDT 2018
# IP Build 2185939 on Wed Apr  4 20:55:05 MDT 2018
# Start of session at: Fri May 16 09:36:32 2025
# Process ID: 16984
# Current directory: D:/Processor/nano processor
# Command line: vivado.exe -gui_launcher_event rodinguilauncherevent10264 D:\Processor\nano processor\nano processor.xpr
# Log file: D:/Processor/nano processor/vivado.log
# Journal file: D:/Processor/nano processor\vivado.jou
#-----------------------------------------------------------
start_gui
open_project {D:/Processor/nano processor/nano processor.xpr}
INFO: [Project 1-313] Project file moved from 'C:/Users/DELL/Downloads/nano processor_final_1/nano processor' since last save.
Scanning sources...
Finished scanning sources
INFO: [IP_Flow 19-234] Refreshing IP repositories
INFO: [IP_Flow 19-1704] No user IP repositories specified
INFO: [IP_Flow 19-2313] Loaded Vivado IP repository 'D:/ProgramFiles/Vivado/2018.1/data/ip'.
update_compile_order -fileset sources_1
exit
INFO: [Common 17-206] Exiting Vivado at Fri May 16 09:38:22 2025...
