INFO: [VRFC 10-163] Analyzing VHDL file "D:/Nano Processor My Files/Nano/nano processor/nano processor.srcs/sources_1/imports/component/Add_Sub_4.vhd" into library xil_defaultlib
INFO: [VRFC 10-307] analyzing entity Add_Sub_4
INFO: [VRFC 10-163] Analyzing VHDL file "D:/Nano Processor My Files/Nano/nano processor/nano processor.srcs/sources_1/imports/component/D_FF.vhd" into library xil_defaultlib
INFO: [VRFC 10-307] analyzing entity D_FF
INFO: [VRFC 10-163] Analyzing VHDL file "D:/Nano Processor My Files/Nano/nano processor/nano processor.srcs/sources_1/imports/component/Decoder_2_to_4.vhd" into library xil_defaultlib
INFO: [VRFC 10-307] analyzing entity Decoder_2_to_4
INFO: [VRFC 10-163] Analyzing VHDL file "D:/Nano Processor My Files/Nano/nano processor/nano processor.srcs/sources_1/imports/component/Decoder_3_to_8.vhd" into library xil_defaultlib
INFO: [VRFC 10-307] analyzing entity Decoder_3_to_8
INFO: [VRFC 10-163] Analyzing VHDL file "D:/Nano Processor My Files/Nano/nano processor/nano processor.srcs/sources_1/imports/Components/FA.vhd" into library xil_defaultlib
INFO: [VRFC 10-307] analyzing entity FA
INFO: [VRFC 10-163] Analyzing VHDL file "D:/Nano Processor My Files/Nano/nano processor/nano processor.srcs/sources_1/imports/Components/HA.vhd" into library xil_defaultlib
INFO: [VRFC 10-307] analyzing entity HA
INFO: [VRFC 10-163] Analyzing VHDL file "D:/Nano Processor My Files/Nano/nano processor/nano processor.srcs/sources_1/imports/Components/LUT_16_7.vhd" into library xil_defaultlib
INFO: [VRFC 10-307] analyzing entity LUT_16_7
INFO: [VRFC 10-163] Analyzing VHDL file "D:/Nano Processor My Files/Nano/nano processor/nano processor.srcs/sources_1/imports/component/MUX_2_way_4_bit.vhd" into library xil_defaultlib
INFO: [VRFC 10-307] analyzing entity MUX_2_way_4_bit
INFO: [VRFC 10-163] Analyzing VHDL file "D:/Nano Processor My Files/Nano/nano processor/nano processor.srcs/sources_1/imports/new/MUX_8_way_4_bit.vhd" into library xil_defaultlib
INFO: [VRFC 10-307] analyzing entity MUX_8_way_4_bit
INFO: [VRFC 10-163] Analyzing VHDL file "D:/Nano Processor My Files/Nano/nano processor/nano processor.srcs/sources_1/new/Nano_Processor.vhd" into library xil_defaultlib
INFO: [VRFC 10-307] analyzing entity Nano_Processor
INFO: [VRFC 10-163] Analyzing VHDL file "D:/Nano Processor My Files/Nano/nano processor/nano processor.srcs/sources_1/new/PCounter_U.vhd" into library xil_defaultlib
INFO: [VRFC 10-307] analyzing entity PCounter_U
INFO: [VRFC 10-163] Analyzing VHDL file "D:/Nano Processor My Files/Nano/nano processor/nano processor.srcs/sources_1/imports/component/Program_ROM.vhd" into library xil_defaultlib
INFO: [VRFC 10-307] analyzing entity Program_ROM
INFO: [VRFC 10-163] Analyzing VHDL file "D:/Nano Processor My Files/Nano/nano processor/nano processor.srcs/sources_1/imports/component/Reg.vhd" into library xil_defaultlib
INFO: [VRFC 10-307] analyzing entity Reg
INFO: [VRFC 10-163] Analyzing VHDL file "D:/Nano Processor My Files/Nano/nano processor/nano processor.srcs/sources_1/imports/component/Slow_Clk.vhd" into library xil_defaultlib
INFO: [VRFC 10-307] analyzing entity Slow_Clk
INFO: [VRFC 10-163] Analyzing VHDL file "D:/Nano Processor My Files/Nano/nano processor/nano processor.srcs/sources_1/imports/Downloads/instruction_decoder.vhd" into library xil_defaultlib
INFO: [VRFC 10-307] analyzing entity instruction_decoder
INFO: [VRFC 10-163] Analyzing VHDL file "D:/Nano Processor My Files/Nano/nano processor/nano processor.srcs/sources_1/imports/component/register_bank.vhd" into library xil_defaultlib
INFO: [VRFC 10-307] analyzing entity register_bank
INFO: [VRFC 10-163] Analyzing VHDL file "D:/Nano Processor My Files/Nano/nano processor/nano processor.srcs/sim_1/new/TB_Nanoprocessor.vhd" into library xil_defaultlib
INFO: [VRFC 10-307] analyzing entity TB_Nanoprocessor
